<?xml version="1.0" encoding="UTF-8"?>
<!-- Generated by org.testng.reporters.JUnitReportReporter -->
<testsuite skipped="0" hostname="LAPTOP-PATGFM90" name="assignment1.Assignment1_3" tests="1" failures="0" timestamp="06 Jan 2021 17:35:30 GMT" time="22.392" errors="0">
  <testcase name="m1" time="22.392" classname="assignment1.Assignment1_3"/>
</testsuite> <!-- assignment1.Assignment1_3 -->
