<?xml version="1.0" encoding="UTF-8"?>
<!-- Generated by org.testng.reporters.JUnitReportReporter -->
<testsuite skipped="0" hostname="LAPTOP-PATGFM90" name="assignment.Assignment2" tests="1" failures="0" timestamp="24 Dec 2020 17:26:19 GMT" time="19.989" errors="0">
  <testcase name="m1" time="19.989" classname="assignment.Assignment2"/>
</testsuite> <!-- assignment.Assignment2 -->
