<?xml version="1.0" encoding="UTF-8"?>
<!-- Generated by org.testng.reporters.JUnitReportReporter -->
<testsuite skipped="0" hostname="LAPTOP-PATGFM90" name="assignment2.ListBoxDemo" tests="1" failures="0" timestamp="05 Jan 2021 11:10:54 GMT" time="24.905" errors="0">
  <testcase name="m1" time="24.905" classname="assignment2.ListBoxDemo"/>
</testsuite> <!-- assignment2.ListBoxDemo -->
