<?xml version="1.0" encoding="UTF-8"?>
<!-- Generated by org.testng.reporters.JUnitReportReporter -->
<testsuite skipped="0" hostname="LAPTOP-PATGFM90" name="assignment2.Assignment2" tests="1" failures="0" timestamp="24 Dec 2020 18:58:28 GMT" time="30.623" errors="0">
  <testcase name="m1" time="30.623" classname="assignment2.Assignment2"/>
</testsuite> <!-- assignment2.Assignment2 -->
