<?xml version="1.0" encoding="UTF-8"?>
<!-- Generated by org.testng.reporters.JUnitReportReporter -->
<testsuite skipped="0" hostname="LAPTOP-PATGFM90" name="assignment2.Assignment2_1" tests="1" failures="0" timestamp="06 Jan 2021 13:19:11 GMT" time="22.271" errors="0">
  <testcase name="m1" time="22.271" classname="assignment2.Assignment2_1"/>
</testsuite> <!-- assignment2.Assignment2_1 -->
