<?xml version="1.0" encoding="UTF-8"?>
<!-- Generated by org.testng.reporters.JUnitReportReporter -->
<testsuite skipped="0" hostname="LAPTOP-PATGFM90" name="assignment2.Assignment2_2" tests="1" failures="0" timestamp="26 Dec 2020 18:37:25 GMT" time="29.905" errors="0">
  <testcase name="m1" time="29.905" classname="assignment2.Assignment2_2"/>
</testsuite> <!-- assignment2.Assignment2_2 -->
