<?xml version="1.0" encoding="UTF-8"?>
<!-- Generated by org.testng.reporters.JUnitReportReporter -->
<testsuite skipped="0" hostname="LAPTOP-PATGFM90" name="assignment2.Assignment1" tests="1" failures="0" timestamp="24 Dec 2020 18:27:53 GMT" time="19.844" errors="0">
  <testcase name="m1" time="19.844" classname="assignment2.Assignment1"/>
</testsuite> <!-- assignment2.Assignment1 -->
