<?xml version="1.0" encoding="UTF-8"?>
<!-- Generated by org.testng.reporters.JUnitReportReporter -->
<testsuite skipped="0" hostname="LAPTOP-PATGFM90" name="assignment1.Assignment1_1" tests="1" failures="0" timestamp="06 Jan 2021 17:11:03 GMT" time="24.429" errors="0">
  <testcase name="m1" time="24.429" classname="assignment1.Assignment1_1"/>
</testsuite> <!-- assignment1.Assignment1_1 -->
