<?xml version="1.0" encoding="UTF-8"?>
<!-- Generated by org.testng.reporters.JUnitReportReporter -->
<testsuite skipped="0" hostname="LAPTOP-PATGFM90" name="assignment1.RunClick" tests="1" failures="0" timestamp="07 Jan 2021 05:43:02 GMT" time="20.513" errors="0">
  <testcase name="m1" time="20.513" classname="assignment1.RunClick"/>
</testsuite> <!-- assignment1.RunClick -->
