<?xml version="1.0" encoding="UTF-8"?>
<!-- Generated by org.testng.reporters.JUnitReportReporter -->
<testsuite skipped="0" hostname="LAPTOP-PATGFM90" name="assignment1.Assignment1_4" tests="1" failures="0" timestamp="06 Jan 2021 13:10:17 GMT" time="21.198" errors="0">
  <testcase name="m1" time="21.198" classname="assignment1.Assignment1_4"/>
</testsuite> <!-- assignment1.Assignment1_4 -->
