<?xml version="1.0" encoding="UTF-8"?>
<!-- Generated by org.testng.reporters.JUnitReportReporter -->
<testsuite skipped="0" hostname="LAPTOP-PATGFM90" name="assignment2.Assignment2_3" tests="1" failures="0" timestamp="28 Dec 2020 12:02:48 GMT" time="20.629" errors="0">
  <testcase name="m1" time="20.629" classname="assignment2.Assignment2_3"/>
</testsuite> <!-- assignment2.Assignment2_3 -->
