<?xml version="1.0" encoding="UTF-8"?>
<!-- Generated by org.testng.reporters.JUnitReportReporter -->
<testsuite skipped="0" hostname="LAPTOP-PATGFM90" name="assignment1.Assignment1_2" tests="1" failures="0" timestamp="07 Jan 2021 07:03:28 GMT" time="21.597" errors="0">
  <testcase name="m1" time="21.597" classname="assignment1.Assignment1_2"/>
</testsuite> <!-- assignment1.Assignment1_2 -->
