<?xml version="1.0" encoding="UTF-8"?>
<!-- Generated by org.testng.reporters.JUnitReportReporter -->
<testsuite skipped="0" hostname="LAPTOP-PATGFM90" name="assignment2.CountryDemo" tests="1" failures="0" timestamp="06 Jan 2021 16:41:53 GMT" time="22.707" errors="0">
  <testcase name="m1" time="22.707" classname="assignment2.CountryDemo"/>
</testsuite> <!-- assignment2.CountryDemo -->
