<?xml version="1.0" encoding="UTF-8"?>
<!-- Generated by org.testng.reporters.JUnitReportReporter -->
<testsuite skipped="0" hostname="LAPTOP-PATGFM90" name="assignment2.MultiplefruitDemo" tests="1" failures="0" timestamp="06 Jan 2021 16:05:50 GMT" time="29.007" errors="0">
  <testcase name="m1" time="29.007" classname="assignment2.MultiplefruitDemo"/>
</testsuite> <!-- assignment2.MultiplefruitDemo -->
