<?xml version="1.0" encoding="UTF-8"?>
<!-- Generated by org.testng.reporters.JUnitReportReporter -->
<testsuite skipped="0" hostname="LAPTOP-PATGFM90" name="assignment2.Assignment3" tests="1" failures="0" timestamp="24 Dec 2020 19:32:32 GMT" time="19.223" errors="0">
  <testcase name="m1" time="19.223" classname="assignment2.Assignment3"/>
</testsuite> <!-- assignment2.Assignment3 -->
